#2.0#2023 12 06 18:11:23.842#Z#DEBUG#com.sap.cloud.lm.sl.xs2.c7302118-9462-11ee-9496-eeee0a92fb6b.bookshop-db.stageAppTask#
######org.cloudfoundry.multiapps.controller.persistence.services.ProcessLogger########flowable-async-job-executor-thread-2796###
[PollStageAppStatusExecution] [bookshop-db] b6a454ad-c972-40f4-b2c8-4ba230b970b1 [2023-12-06T18:10:54.345773] Added process: "web" (STDOUT, API)#

#2.0#2023 12 06 18:11:23.842#Z#DEBUG#com.sap.cloud.lm.sl.xs2.c7302118-9462-11ee-9496-eeee0a92fb6b.bookshop-db.stageAppTask#
######org.cloudfoundry.multiapps.controller.persistence.services.ProcessLogger########flowable-async-job-executor-thread-2796###
[PollStageAppStatusExecution] [bookshop-db] b6a454ad-c972-40f4-b2c8-4ba230b970b1 [2023-12-06T18:10:54.352817] Created app with guid b6a454ad-c972-40f4-b2c8-4ba230b970b1 (STDOUT, API)#

#2.0#2023 12 06 18:11:23.842#Z#DEBUG#com.sap.cloud.lm.sl.xs2.c7302118-9462-11ee-9496-eeee0a92fb6b.bookshop-db.stageAppTask#
######org.cloudfoundry.multiapps.controller.persistence.services.ProcessLogger########flowable-async-job-executor-thread-2796###
[PollStageAppStatusExecution] [bookshop-db] b6a454ad-c972-40f4-b2c8-4ba230b970b1 [2023-12-06T18:10:54.433638] Updating process: "web" (STDOUT, API)#

#2.0#2023 12 06 18:11:23.842#Z#DEBUG#com.sap.cloud.lm.sl.xs2.c7302118-9462-11ee-9496-eeee0a92fb6b.bookshop-db.stageAppTask#
######org.cloudfoundry.multiapps.controller.persistence.services.ProcessLogger########flowable-async-job-executor-thread-2796###
[PollStageAppStatusExecution] [bookshop-db] b6a454ad-c972-40f4-b2c8-4ba230b970b1 [2023-12-06T18:10:54.489066] Scaling process: "web" (STDOUT, API)#

#2.0#2023 12 06 18:11:23.842#Z#DEBUG#com.sap.cloud.lm.sl.xs2.c7302118-9462-11ee-9496-eeee0a92fb6b.bookshop-db.stageAppTask#
######org.cloudfoundry.multiapps.controller.persistence.services.ProcessLogger########flowable-async-job-executor-thread-2796###
[PollStageAppStatusExecution] [bookshop-db] b6a454ad-c972-40f4-b2c8-4ba230b970b1 [2023-12-06T18:10:58.320006] Uploading app package for app with guid b6a454ad-c972-40f4-b2c8-4ba230b970b1 (STDOUT, API)#

#2.0#2023 12 06 18:11:23.842#Z#DEBUG#com.sap.cloud.lm.sl.xs2.c7302118-9462-11ee-9496-eeee0a92fb6b.bookshop-db.stageAppTask#
######org.cloudfoundry.multiapps.controller.persistence.services.ProcessLogger########flowable-async-job-executor-thread-2796###
[PollStageAppStatusExecution] [bookshop-db] b6a454ad-c972-40f4-b2c8-4ba230b970b1 [2023-12-06T18:10:58.474513] Updated app with guid b6a454ad-c972-40f4-b2c8-4ba230b970b1 ({"environment_variables"=>"[PRIVATE DATA HIDDEN]"}) (STDOUT, API)#

#2.0#2023 12 06 18:11:23.842#Z#DEBUG#com.sap.cloud.lm.sl.xs2.c7302118-9462-11ee-9496-eeee0a92fb6b.bookshop-db.stageAppTask#
######org.cloudfoundry.multiapps.controller.persistence.services.ProcessLogger########flowable-async-job-executor-thread-2796###
[PollStageAppStatusExecution] [bookshop-db] b6a454ad-c972-40f4-b2c8-4ba230b970b1 [2023-12-06T18:11:13.959812] Creating build for app with guid b6a454ad-c972-40f4-b2c8-4ba230b970b1 (STDOUT, API)#

#2.0#2023 12 06 18:11:23.842#Z#DEBUG#com.sap.cloud.lm.sl.xs2.c7302118-9462-11ee-9496-eeee0a92fb6b.bookshop-db.stageAppTask#
######org.cloudfoundry.multiapps.controller.persistence.services.ProcessLogger########flowable-async-job-executor-thread-2796###
[PollStageAppStatusExecution] [bookshop-db] b6a454ad-c972-40f4-b2c8-4ba230b970b1 [2023-12-06T18:11:14.401554] Downloading nodejs_buildpack... (STDOUT, STG)#

#2.0#2023 12 06 18:11:23.842#Z#DEBUG#com.sap.cloud.lm.sl.xs2.c7302118-9462-11ee-9496-eeee0a92fb6b.bookshop-db.stageAppTask#
######org.cloudfoundry.multiapps.controller.persistence.services.ProcessLogger########flowable-async-job-executor-thread-2796###
[PollStageAppStatusExecution] [bookshop-db] b6a454ad-c972-40f4-b2c8-4ba230b970b1 [2023-12-06T18:11:14.442920] Downloaded nodejs_buildpack (STDOUT, STG)#

#2.0#2023 12 06 18:11:23.842#Z#DEBUG#com.sap.cloud.lm.sl.xs2.c7302118-9462-11ee-9496-eeee0a92fb6b.bookshop-db.stageAppTask#
######org.cloudfoundry.multiapps.controller.persistence.services.ProcessLogger########flowable-async-job-executor-thread-2796###
[PollStageAppStatusExecution] [bookshop-db] b6a454ad-c972-40f4-b2c8-4ba230b970b1 [2023-12-06T18:11:14.442977] Cell 0e9d359d-cbb1-42e2-ae1d-5cfbdc4910b6 creating container for instance 1ae1de55-bf0e-402f-8655-56259e14e822 (STDOUT, STG)#

#2.0#2023 12 06 18:11:23.842#Z#DEBUG#com.sap.cloud.lm.sl.xs2.c7302118-9462-11ee-9496-eeee0a92fb6b.bookshop-db.stageAppTask#
######org.cloudfoundry.multiapps.controller.persistence.services.ProcessLogger########flowable-async-job-executor-thread-2796###
[PollStageAppStatusExecution] [bookshop-db] b6a454ad-c972-40f4-b2c8-4ba230b970b1 [2023-12-06T18:11:14.945808] Security group rules were updated (STDOUT, STG)#

#2.0#2023 12 06 18:11:23.842#Z#DEBUG#com.sap.cloud.lm.sl.xs2.c7302118-9462-11ee-9496-eeee0a92fb6b.bookshop-db.stageAppTask#
######org.cloudfoundry.multiapps.controller.persistence.services.ProcessLogger########flowable-async-job-executor-thread-2796###
[PollStageAppStatusExecution] [bookshop-db] b6a454ad-c972-40f4-b2c8-4ba230b970b1 [2023-12-06T18:11:14.964642] Cell 0e9d359d-cbb1-42e2-ae1d-5cfbdc4910b6 successfully created container for instance 1ae1de55-bf0e-402f-8655-56259e14e822 (STDOUT, STG)#

#2.0#2023 12 06 18:11:23.842#Z#DEBUG#com.sap.cloud.lm.sl.xs2.c7302118-9462-11ee-9496-eeee0a92fb6b.bookshop-db.stageAppTask#
######org.cloudfoundry.multiapps.controller.persistence.services.ProcessLogger########flowable-async-job-executor-thread-2796###
[PollStageAppStatusExecution] [bookshop-db] b6a454ad-c972-40f4-b2c8-4ba230b970b1 [2023-12-06T18:11:15.822279] Downloading app package... (STDOUT, STG)#

#2.0#2023 12 06 18:11:23.842#Z#DEBUG#com.sap.cloud.lm.sl.xs2.c7302118-9462-11ee-9496-eeee0a92fb6b.bookshop-db.stageAppTask#
######org.cloudfoundry.multiapps.controller.persistence.services.ProcessLogger########flowable-async-job-executor-thread-2796###
[PollStageAppStatusExecution] [bookshop-db] b6a454ad-c972-40f4-b2c8-4ba230b970b1 [2023-12-06T18:11:18.564605] Downloaded app package (61.6M) (STDOUT, STG)#

#2.0#2023 12 06 18:11:23.842#Z#DEBUG#com.sap.cloud.lm.sl.xs2.c7302118-9462-11ee-9496-eeee0a92fb6b.bookshop-db.stageAppTask#
######org.cloudfoundry.multiapps.controller.persistence.services.ProcessLogger########flowable-async-job-executor-thread-2796###
[PollStageAppStatusExecution] [bookshop-db] b6a454ad-c972-40f4-b2c8-4ba230b970b1 [2023-12-06T18:11:18.702884] -----> Nodejs Buildpack version 1.8.19 (STDOUT, STG)#

#2.0#2023 12 06 18:11:23.842#Z#DEBUG#com.sap.cloud.lm.sl.xs2.c7302118-9462-11ee-9496-eeee0a92fb6b.bookshop-db.stageAppTask#
######org.cloudfoundry.multiapps.controller.persistence.services.ProcessLogger########flowable-async-job-executor-thread-2796###
[PollStageAppStatusExecution] [bookshop-db] b6a454ad-c972-40f4-b2c8-4ba230b970b1 [2023-12-06T18:11:19.148276] -----> Bootstrapping python (STDOUT, STG)#

#2.0#2023 12 06 18:11:23.842#Z#DEBUG#com.sap.cloud.lm.sl.xs2.c7302118-9462-11ee-9496-eeee0a92fb6b.bookshop-db.stageAppTask#
######org.cloudfoundry.multiapps.controller.persistence.services.ProcessLogger########flowable-async-job-executor-thread-2796###
[PollStageAppStatusExecution] [bookshop-db] b6a454ad-c972-40f4-b2c8-4ba230b970b1 [2023-12-06T18:11:19.148294] -----> Installing python 3.11.6 (STDOUT, STG)#

#2.0#2023 12 06 18:11:23.842#Z#DEBUG#com.sap.cloud.lm.sl.xs2.c7302118-9462-11ee-9496-eeee0a92fb6b.bookshop-db.stageAppTask#
######org.cloudfoundry.multiapps.controller.persistence.services.ProcessLogger########flowable-async-job-executor-thread-2796###
[PollStageAppStatusExecution] [bookshop-db] b6a454ad-c972-40f4-b2c8-4ba230b970b1 [2023-12-06T18:11:19.148378] Copy [/tmp/buildpacks/10e3bcf7bac1cbef7b5a66e7230b7cc6/dependencies/17ecec428c63fc9d4f8200b6005d8e61/python_3.11.6_linux_x64_cflinuxfs4_9aa19c6d.tgz] (STDOUT, STG)#

#2.0#2023 12 06 18:11:23.842#Z#DEBUG#com.sap.cloud.lm.sl.xs2.c7302118-9462-11ee-9496-eeee0a92fb6b.bookshop-db.stageAppTask#
######org.cloudfoundry.multiapps.controller.persistence.services.ProcessLogger########flowable-async-job-executor-thread-2796###
[PollStageAppStatusExecution] [bookshop-db] b6a454ad-c972-40f4-b2c8-4ba230b970b1 [2023-12-06T18:11:23.126262] -----> Installing binaries (STDOUT, STG)#

#2.0#2023 12 06 18:11:23.842#Z#DEBUG#com.sap.cloud.lm.sl.xs2.c7302118-9462-11ee-9496-eeee0a92fb6b.bookshop-db.stageAppTask#
######org.cloudfoundry.multiapps.controller.persistence.services.ProcessLogger########flowable-async-job-executor-thread-2796###
[PollStageAppStatusExecution] [bookshop-db] b6a454ad-c972-40f4-b2c8-4ba230b970b1 [2023-12-06T18:11:23.126385] engines.node (package.json): ^16 (STDOUT, STG)#

#2.0#2023 12 06 18:11:23.842#Z#DEBUG#com.sap.cloud.lm.sl.xs2.c7302118-9462-11ee-9496-eeee0a92fb6b.bookshop-db.stageAppTask#
######org.cloudfoundry.multiapps.controller.persistence.services.ProcessLogger########flowable-async-job-executor-thread-2796###
[PollStageAppStatusExecution] [bookshop-db] b6a454ad-c972-40f4-b2c8-4ba230b970b1 [2023-12-06T18:11:23.126399] engines.npm (package.json): unspecified (use default) (STDOUT, STG)#

#2.0#2023 12 06 18:11:23.842#Z#DEBUG#com.sap.cloud.lm.sl.xs2.c7302118-9462-11ee-9496-eeee0a92fb6b.bookshop-db.stageAppTask#
######org.cloudfoundry.multiapps.controller.persistence.services.ProcessLogger########flowable-async-job-executor-thread-2796###
[PollStageAppStatusExecution] [bookshop-db] b6a454ad-c972-40f4-b2c8-4ba230b970b1 [2023-12-06T18:11:23.126417] [31;1m**ERROR**[0m Unable to install node: no match found for ^16 in [18.18.0 18.18.2 20.8.1 20.9.0] (STDOUT, STG)#

#2.0#2023 12 06 18:11:23.842#Z#DEBUG#com.sap.cloud.lm.sl.xs2.c7302118-9462-11ee-9496-eeee0a92fb6b.bookshop-db.stageAppTask#
######org.cloudfoundry.multiapps.controller.persistence.services.ProcessLogger########flowable-async-job-executor-thread-2796###
[PollStageAppStatusExecution] [bookshop-db] b6a454ad-c972-40f4-b2c8-4ba230b970b1 [2023-12-06T18:11:23.128747] Failed to compile droplet: Failed to run all supply scripts: exit status 14 (STDERR, STG)#

#2.0#2023 12 06 18:11:23.842#Z#DEBUG#com.sap.cloud.lm.sl.xs2.c7302118-9462-11ee-9496-eeee0a92fb6b.bookshop-db.stageAppTask#
######org.cloudfoundry.multiapps.controller.persistence.services.ProcessLogger########flowable-async-job-executor-thread-2796###
[PollStageAppStatusExecution] [bookshop-db] b6a454ad-c972-40f4-b2c8-4ba230b970b1 [2023-12-06T18:11:23.135277] Exit status 223 (STDOUT, STG)#

#2.0#2023 12 06 18:11:33.927#Z#DEBUG#com.sap.cloud.lm.sl.xs2.c7302118-9462-11ee-9496-eeee0a92fb6b.bookshop-db.stageAppTask#
######org.cloudfoundry.multiapps.controller.persistence.services.ProcessLogger########flowable-async-job-executor-thread-2799###
[PollStageAppStatusExecution] [bookshop-db] b6a454ad-c972-40f4-b2c8-4ba230b970b1 [2023-12-06T18:11:23.855041] Cell 0e9d359d-cbb1-42e2-ae1d-5cfbdc4910b6 stopping instance 1ae1de55-bf0e-402f-8655-56259e14e822 (STDOUT, STG)#

#2.0#2023 12 06 18:11:33.927#Z#DEBUG#com.sap.cloud.lm.sl.xs2.c7302118-9462-11ee-9496-eeee0a92fb6b.bookshop-db.stageAppTask#
######org.cloudfoundry.multiapps.controller.persistence.services.ProcessLogger########flowable-async-job-executor-thread-2799###
[PollStageAppStatusExecution] [bookshop-db] b6a454ad-c972-40f4-b2c8-4ba230b970b1 [2023-12-06T18:11:23.855077] Cell 0e9d359d-cbb1-42e2-ae1d-5cfbdc4910b6 destroying container for instance 1ae1de55-bf0e-402f-8655-56259e14e822 (STDOUT, STG)#

#2.0#2023 12 06 18:11:33.927#Z#DEBUG#com.sap.cloud.lm.sl.xs2.c7302118-9462-11ee-9496-eeee0a92fb6b.bookshop-db.stageAppTask#
######org.cloudfoundry.multiapps.controller.persistence.services.ProcessLogger########flowable-async-job-executor-thread-2799###
[PollStageAppStatusExecution] [bookshop-db] b6a454ad-c972-40f4-b2c8-4ba230b970b1 [2023-12-06T18:11:23.883701] Failed to stage build: staging failed (STDERR, API)#

#2.0#2023 12 06 18:11:33.927#Z#DEBUG#com.sap.cloud.lm.sl.xs2.c7302118-9462-11ee-9496-eeee0a92fb6b.bookshop-db.stageAppTask#
######org.cloudfoundry.multiapps.controller.persistence.services.ProcessLogger########flowable-async-job-executor-thread-2799###
[PollStageAppStatusExecution] [bookshop-db] b6a454ad-c972-40f4-b2c8-4ba230b970b1 [2023-12-06T18:11:28.684635] Cell 0e9d359d-cbb1-42e2-ae1d-5cfbdc4910b6 successfully destroyed container for instance 1ae1de55-bf0e-402f-8655-56259e14e822 (STDOUT, STG)#

